  main.cpp
D:\opencv\build\include\opencv2\calib3d.hpp(1,1): warning C4819: 该文件包含不能在当前代码页(932)中表示的字符。请将该文件保存为 Unicode 格式以防止数据丢失
  Quasi_Temporal_Diff.cpp
D:\opencv\build\include\opencv2\calib3d.hpp(1,1): warning C4819: 该文件包含不能在当前代码页(932)中表示的字符。请将该文件保存为 Unicode 格式以防止数据丢失
  Region_Selection.cpp
D:\opencv\build\include\opencv2\calib3d.hpp(1,1): warning C4819: 该文件包含不能在当前代码页(932)中表示的字符。请将该文件保存为 Unicode 格式以防止数据丢失
C:\Users\DELL\Desktop\work\p2\p2\Region_Selection.cpp(57,52): warning C4244: “参数”: 从“double”转换到“_Tp”，可能丢失数据
          with
          [
              _Tp=int
          ]
C:\Users\DELL\Desktop\work\p2\p2\Region_Selection.cpp(71,20): warning C4018: “<”: 有符号/无符号不匹配
C:\Users\DELL\Desktop\work\p2\p2\Region_Selection.cpp(72,21): warning C4018: “<”: 有符号/无符号不匹配
C:\Users\DELL\Desktop\work\p2\p2\Region_Selection.cpp(78,20): warning C4018: “<”: 有符号/无符号不匹配
C:\Users\DELL\Desktop\work\p2\p2\Region_Selection.cpp(101,20): warning C4018: “<”: 有符号/无符号不匹配
C:\Users\DELL\Desktop\work\p2\p2\Region_Selection.cpp(112,21): warning C4018: “<”: 有符号/无符号不匹配
C:\Users\DELL\Desktop\work\p2\p2\Region_Selection.cpp(129,20): warning C4018: “<”: 有符号/无符号不匹配
C:\Users\DELL\Desktop\work\p2\p2\Region_Selection.cpp(132,20): warning C4018: “<”: 有符号/无符号不匹配
C:\Users\DELL\Desktop\work\p2\p2\Region_Selection.cpp(137,74): warning C4244: “参数”: 从“double”转换到“_Tp”，可能丢失数据
          with
          [
              _Tp=int
          ]
C:\Users\DELL\Desktop\work\p2\p2\Region_Selection.cpp(137,65): warning C4244: “参数”: 从“double”转换到“_Tp”，可能丢失数据
          with
          [
              _Tp=int
          ]
C:\Users\DELL\Desktop\work\p2\p2\Region_Selection.cpp(137,50): warning C4244: “参数”: 从“double”转换到“_Tp”，可能丢失数据
          with
          [
              _Tp=int
          ]
C:\Users\DELL\Desktop\work\p2\p2\Region_Selection.cpp(137,24): warning C4244: “参数”: 从“double”转换到“_Tp”，可能丢失数据
          with
          [
              _Tp=int
          ]
C:\Users\DELL\Desktop\work\p2\p2\Region_Selection.cpp(142,20): warning C4018: “<”: 有符号/无符号不匹配
C:\Users\DELL\Desktop\work\p2\p2\Region_Selection.cpp(144,10): warning C4244: “初始化”: 从“double”转换到“int”，可能丢失数据
C:\Users\DELL\Desktop\work\p2\p2\Region_Selection.cpp(144,41): warning C4244: “初始化”: 从“double”转换到“int”，可能丢失数据
C:\Users\DELL\Desktop\work\p2\p2\Region_Selection.cpp(145,30): warning C4244: “参数”: 从“double”转换到“_Tp”，可能丢失数据
          with
          [
              _Tp=int
          ]
C:\Users\DELL\Desktop\work\p2\p2\Region_Selection.cpp(145,21): warning C4244: “参数”: 从“double”转换到“_Tp”，可能丢失数据
          with
          [
              _Tp=int
          ]
C:\Users\DELL\Desktop\work\p2\p2\Region_Selection.cpp(156,13): warning C4244: “=”: 从“double”转换到“int”，可能丢失数据
  正在生成代码...
main.obj : error LNK2019: 无法解析的外部符号 "public: __thiscall cv::Mat::Mat(class cv::Mat const &)" (??0Mat@cv@@QAE@ABV01@@Z)，函数 _main 中引用了该符号
Region_Selection.obj : error LNK2001: 无法解析的外部符号 "public: __thiscall cv::Mat::Mat(class cv::Mat const &)" (??0Mat@cv@@QAE@ABV01@@Z)
main.obj : error LNK2019: 无法解析的外部符号 "public: __thiscall cv::Mat::~Mat(void)" (??1Mat@cv@@QAE@XZ)，函数 _main 中引用了该符号
Quasi_Temporal_Diff.obj : error LNK2001: 无法解析的外部符号 "public: __thiscall cv::Mat::~Mat(void)" (??1Mat@cv@@QAE@XZ)
Region_Selection.obj : error LNK2001: 无法解析的外部符号 "public: __thiscall cv::Mat::~Mat(void)" (??1Mat@cv@@QAE@XZ)
main.obj : error LNK2019: 无法解析的外部符号 "class cv::Mat __cdecl cv::imread(class std::basic_string<char,struct std::char_traits<char>,class std::allocator<char> > const &,int)" (?imread@cv@@YA?AVMat@1@ABV?$basic_string@DU?$char_traits@D@std@@V?$allocator@D@2@@std@@H@Z)，函数 _main 中引用了该符号
main.obj : error LNK2019: 无法解析的外部符号 "bool __cdecl cv::imwrite(class std::basic_string<char,struct std::char_traits<char>,class std::allocator<char> > const &,class cv::debug_build_guard::_InputArray const &,class std::vector<int,class std::allocator<int> > const &)" (?imwrite@cv@@YA_NABV?$basic_string@DU?$char_traits@D@std@@V?$allocator@D@2@@std@@ABV_InputArray@debug_build_guard@1@ABV?$vector@HV?$allocator@H@std@@@3@@Z)，函数 _main 中引用了该符号
Quasi_Temporal_Diff.obj : error LNK2019: 无法解析的外部符号 "public: __thiscall cv::Mat::Mat(void)" (??0Mat@cv@@QAE@XZ)，函数 "public: __thiscall cv::MatExpr::operator class cv::Mat(void)const " (??BMatExpr@cv@@QBE?AVMat@1@XZ) 中引用了该符号
Region_Selection.obj : error LNK2001: 无法解析的外部符号 "public: __thiscall cv::Mat::Mat(void)" (??0Mat@cv@@QAE@XZ)
Quasi_Temporal_Diff.obj : error LNK2019: 无法解析的外部符号 "public: void __thiscall cv::Mat::convertTo(class cv::debug_build_guard::_OutputArray const &,int,double,double)const " (?convertTo@Mat@cv@@QBEXABV_OutputArray@debug_build_guard@2@HNN@Z)，函数 "class cv::Mat __cdecl Q_Temp_Diff(class cv::Mat,int)" (?Q_Temp_Diff@@YA?AVMat@cv@@V12@H@Z) 中引用了该符号
Quasi_Temporal_Diff.obj : error LNK2019: 无法解析的外部符号 "public: class cv::MatExpr __thiscall cv::Mat::t(void)const " (?t@Mat@cv@@QBE?AVMatExpr@2@XZ)，函数 "class cv::Mat __cdecl Q_Temp_Diff(class cv::Mat,int)" (?Q_Temp_Diff@@YA?AVMat@cv@@V12@H@Z) 中引用了该符号
Quasi_Temporal_Diff.obj : error LNK2019: 无法解析的外部符号 "public: static class cv::MatExpr __cdecl cv::Mat::zeros(int,int,int)" (?zeros@Mat@cv@@SA?AVMatExpr@2@HHH@Z)，函数 "class cv::Mat __cdecl Q_Temp_Diff(class cv::Mat,int)" (?Q_Temp_Diff@@YA?AVMat@cv@@V12@H@Z) 中引用了该符号
Region_Selection.obj : error LNK2001: 无法解析的外部符号 "public: static class cv::MatExpr __cdecl cv::Mat::zeros(int,int,int)" (?zeros@Mat@cv@@SA?AVMatExpr@2@HHH@Z)
Quasi_Temporal_Diff.obj : error LNK2019: 无法解析的外部符号 "public: void __thiscall cv::Mat::pop_back(unsigned int)" (?pop_back@Mat@cv@@QAEXI@Z)，函数 "class cv::Mat __cdecl Q_Temp_Diff(class cv::Mat,int)" (?Q_Temp_Diff@@YA?AVMat@cv@@V12@H@Z) 中引用了该符号
Quasi_Temporal_Diff.obj : error LNK2019: 无法解析的外部符号 "public: __thiscall cv::Mat::Mat(class cv::Mat &&)" (??0Mat@cv@@QAE@$$QAV01@@Z)，函数 "public: __thiscall cv::MatExpr::operator class cv::Mat(void)const " (??BMatExpr@cv@@QBE?AVMat@1@XZ) 中引用了该符号
Region_Selection.obj : error LNK2001: 无法解析的外部符号 "public: __thiscall cv::Mat::Mat(class cv::Mat &&)" (??0Mat@cv@@QAE@$$QAV01@@Z)
Quasi_Temporal_Diff.obj : error LNK2019: 无法解析的外部符号 "class cv::MatExpr __cdecl cv::operator+(class cv::Mat const &,class cv::Mat const &)" (??Hcv@@YA?AVMatExpr@0@ABVMat@0@0@Z)，函数 "class cv::Mat __cdecl Q_Temp_Diff(class cv::Mat,int)" (?Q_Temp_Diff@@YA?AVMat@cv@@V12@H@Z) 中引用了该符号
Quasi_Temporal_Diff.obj : error LNK2019: 无法解析的外部符号 "class cv::MatExpr __cdecl cv::operator+(class cv::MatExpr const &,class cv::Mat const &)" (??Hcv@@YA?AVMatExpr@0@ABV10@ABVMat@0@@Z)，函数 "class cv::Mat __cdecl Q_Temp_Diff(class cv::Mat,int)" (?Q_Temp_Diff@@YA?AVMat@cv@@V12@H@Z) 中引用了该符号
Quasi_Temporal_Diff.obj : error LNK2019: 无法解析的外部符号 "void __cdecl cv::flip(class cv::debug_build_guard::_InputArray const &,class cv::debug_build_guard::_OutputArray const &,int)" (?flip@cv@@YAXABV_InputArray@debug_build_guard@1@ABV_OutputArray@31@H@Z)，函数 "class cv::Mat __cdecl Q_Temp_Diff(class cv::Mat,int)" (?Q_Temp_Diff@@YA?AVMat@cv@@V12@H@Z) 中引用了该符号
Quasi_Temporal_Diff.obj : error LNK2019: 无法解析的外部符号 "void __cdecl cv::hconcat(class cv::debug_build_guard::_InputArray const &,class cv::debug_build_guard::_InputArray const &,class cv::debug_build_guard::_OutputArray const &)" (?hconcat@cv@@YAXABV_InputArray@debug_build_guard@1@0ABV_OutputArray@31@@Z)，函数 "class cv::Mat __cdecl Q_Temp_Diff(class cv::Mat,int)" (?Q_Temp_Diff@@YA?AVMat@cv@@V12@H@Z) 中引用了该符号
Region_Selection.obj : error LNK2001: 无法解析的外部符号 "void __cdecl cv::hconcat(class cv::debug_build_guard::_InputArray const &,class cv::debug_build_guard::_InputArray const &,class cv::debug_build_guard::_OutputArray const &)" (?hconcat@cv@@YAXABV_InputArray@debug_build_guard@1@0ABV_OutputArray@31@@Z)
Quasi_Temporal_Diff.obj : error LNK2019: 无法解析的外部符号 "void __cdecl cv::vconcat(class cv::debug_build_guard::_InputArray const &,class cv::debug_build_guard::_InputArray const &,class cv::debug_build_guard::_OutputArray const &)" (?vconcat@cv@@YAXABV_InputArray@debug_build_guard@1@0ABV_OutputArray@31@@Z)，函数 "class cv::Mat __cdecl Q_Temp_Diff(class cv::Mat,int)" (?Q_Temp_Diff@@YA?AVMat@cv@@V12@H@Z) 中引用了该符号
Quasi_Temporal_Diff.obj : error LNK2019: 无法解析的外部符号 "void __cdecl cv::absdiff(class cv::debug_build_guard::_InputArray const &,class cv::debug_build_guard::_InputArray const &,class cv::debug_build_guard::_OutputArray const &)" (?absdiff@cv@@YAXABV_InputArray@debug_build_guard@1@0ABV_OutputArray@31@@Z)，函数 "class cv::Mat __cdecl Q_Temp_Diff(class cv::Mat,int)" (?Q_Temp_Diff@@YA?AVMat@cv@@V12@H@Z) 中引用了该符号
Quasi_Temporal_Diff.obj : error LNK2019: 无法解析的外部符号 "double __cdecl cv::threshold(class cv::debug_build_guard::_InputArray const &,class cv::debug_build_guard::_OutputArray const &,double,double,int)" (?threshold@cv@@YANABV_InputArray@debug_build_guard@1@ABV_OutputArray@31@NNH@Z)，函数 "class cv::Mat __cdecl Q_Temp_Diff(class cv::Mat,int)" (?Q_Temp_Diff@@YA?AVMat@cv@@V12@H@Z) 中引用了该符号
Quasi_Temporal_Diff.obj : error LNK2019: 无法解析的外部符号 "void __cdecl cv::cvtColor(class cv::debug_build_guard::_InputArray const &,class cv::debug_build_guard::_OutputArray const &,int,int)" (?cvtColor@cv@@YAXABV_InputArray@debug_build_guard@1@ABV_OutputArray@31@HH@Z)，函数 "class cv::Mat __cdecl Q_Temp_Diff(class cv::Mat,int)" (?Q_Temp_Diff@@YA?AVMat@cv@@V12@H@Z) 中引用了该符号
Region_Selection.obj : error LNK2001: 无法解析的外部符号 "void __cdecl cv::cvtColor(class cv::debug_build_guard::_InputArray const &,class cv::debug_build_guard::_OutputArray const &,int,int)" (?cvtColor@cv@@YAXABV_InputArray@debug_build_guard@1@ABV_OutputArray@31@HH@Z)
Region_Selection.obj : error LNK2019: 无法解析的外部符号 "void __cdecl cv::error(int,class std::basic_string<char,struct std::char_traits<char>,class std::allocator<char> > const &,char const *,char const *,int)" (?error@cv@@YAXHABV?$basic_string@DU?$char_traits@D@std@@V?$allocator@D@2@@std@@PBD1H@Z)，函数 "public: int & __thiscall cv::Vec<int,4>::operator[](int)" (??A?$Vec@H$03@cv@@QAEAAHH@Z) 中引用了该符号
Region_Selection.obj : error LNK2019: 无法解析的外部符号 "public: __thiscall cv::debug_build_guard::_InputArray::_InputArray(class cv::MatExpr const &)" (??0_InputArray@debug_build_guard@cv@@QAE@ABVMatExpr@2@@Z)，函数 "class cv::Mat __cdecl Region_Selection(class cv::Mat,int &,int)" (?Region_Selection@@YA?AVMat@cv@@V12@AAHH@Z) 中引用了该符号
Region_Selection.obj : error LNK2019: 无法解析的外部符号 "public: __thiscall cv::Mat::Mat(class cv::Mat const &,class cv::Rect_<int> const &)" (??0Mat@cv@@QAE@ABV01@ABV?$Rect_@H@1@@Z)，函数 "public: class cv::Mat __thiscall cv::Mat::operator()(class cv::Rect_<int> const &)const " (??RMat@cv@@QBE?AV01@ABV?$Rect_@H@1@@Z) 中引用了该符号
Region_Selection.obj : error LNK2019: 无法解析的外部符号 "public: void __thiscall cv::Mat::copyTo(class cv::debug_build_guard::_OutputArray const &)const " (?copyTo@Mat@cv@@QBEXABV_OutputArray@debug_build_guard@2@@Z)，函数 "class cv::Mat __cdecl Region_Selection(class cv::Mat,int &,int)" (?Region_Selection@@YA?AVMat@cv@@V12@AAHH@Z) 中引用了该符号
Region_Selection.obj : error LNK2019: 无法解析的外部符号 "public: bool __thiscall cv::Mat::empty(void)const " (?empty@Mat@cv@@QBE_NXZ)，函数 "class cv::Mat __cdecl Region_Selection(class cv::Mat,int &,int)" (?Region_Selection@@YA?AVMat@cv@@V12@AAHH@Z) 中引用了该符号
Region_Selection.obj : error LNK2019: 无法解析的外部符号 "public: class cv::Mat & __thiscall cv::Mat::operator=(class cv::Mat &&)" (??4Mat@cv@@QAEAAV01@$$QAV01@@Z)，函数 "class cv::Mat __cdecl Region_Selection(class cv::Mat,int &,int)" (?Region_Selection@@YA?AVMat@cv@@V12@AAHH@Z) 中引用了该符号
Region_Selection.obj : error LNK2019: 无法解析的外部符号 "class cv::MatExpr __cdecl cv::operator~(class cv::Mat const &)" (??Scv@@YA?AVMatExpr@0@ABVMat@0@@Z)，函数 "class cv::Mat __cdecl Region_Selection(class cv::Mat,int &,int)" (?Region_Selection@@YA?AVMat@cv@@V12@AAHH@Z) 中引用了该符号
Region_Selection.obj : error LNK2019: 无法解析的外部符号 "class cv::Mat __cdecl cv::getStructuringElement(int,class cv::Size_<int>,class cv::Point_<int>)" (?getStructuringElement@cv@@YA?AVMat@1@HV?$Size_@H@1@V?$Point_@H@1@@Z)，函数 "class cv::Mat __cdecl Region_Selection(class cv::Mat,int &,int)" (?Region_Selection@@YA?AVMat@cv@@V12@AAHH@Z) 中引用了该符号
Region_Selection.obj : error LNK2019: 无法解析的外部符号 "void __cdecl cv::morphologyEx(class cv::debug_build_guard::_InputArray const &,class cv::debug_build_guard::_OutputArray const &,int,class cv::debug_build_guard::_InputArray const &,class cv::Point_<int>,int,int,class cv::Scalar_<double> const &)" (?morphologyEx@cv@@YAXABV_InputArray@debug_build_guard@1@ABV_OutputArray@31@H0V?$Point_@H@1@HHABV?$Scalar_@N@1@@Z)，函数 "class cv::Mat __cdecl Region_Selection(class cv::Mat,int &,int)" (?Region_Selection@@YA?AVMat@cv@@V12@AAHH@Z) 中引用了该符号
Region_Selection.obj : error LNK2019: 无法解析的外部符号 "void __cdecl cv::adaptiveThreshold(class cv::debug_build_guard::_InputArray const &,class cv::debug_build_guard::_OutputArray const &,double,int,int,int,double)" (?adaptiveThreshold@cv@@YAXABV_InputArray@debug_build_guard@1@ABV_OutputArray@31@NHHHN@Z)，函数 "class cv::Mat __cdecl Region_Selection(class cv::Mat,int &,int)" (?Region_Selection@@YA?AVMat@cv@@V12@AAHH@Z) 中引用了该符号
Region_Selection.obj : error LNK2019: 无法解析的外部符号 "void __cdecl cv::findContours(class cv::debug_build_guard::_InputArray const &,class cv::debug_build_guard::_OutputArray const &,class cv::debug_build_guard::_OutputArray const &,int,int,class cv::Point_<int>)" (?findContours@cv@@YAXABV_InputArray@debug_build_guard@1@ABV_OutputArray@31@1HHV?$Point_@H@1@@Z)，函数 "class cv::Mat __cdecl Region_Selection(class cv::Mat,int &,int)" (?Region_Selection@@YA?AVMat@cv@@V12@AAHH@Z) 中引用了该符号
Region_Selection.obj : error LNK2019: 无法解析的外部符号 "double __cdecl cv::arcLength(class cv::debug_build_guard::_InputArray const &,bool)" (?arcLength@cv@@YANABV_InputArray@debug_build_guard@1@_N@Z)，函数 "bool __cdecl judge_cont(int)" (?judge_cont@@YA_NH@Z) 中引用了该符号
Region_Selection.obj : error LNK2019: 无法解析的外部符号 "class cv::Rect_<int> __cdecl cv::boundingRect(class cv::debug_build_guard::_InputArray const &)" (?boundingRect@cv@@YA?AV?$Rect_@H@1@ABV_InputArray@debug_build_guard@1@@Z)，函数 "class cv::Mat __cdecl Region_Selection(class cv::Mat,int &,int)" (?Region_Selection@@YA?AVMat@cv@@V12@AAHH@Z) 中引用了该符号
Region_Selection.obj : error LNK2019: 无法解析的外部符号 "double __cdecl cv::contourArea(class cv::debug_build_guard::_InputArray const &,bool)" (?contourArea@cv@@YANABV_InputArray@debug_build_guard@1@_N@Z)，函数 "bool __cdecl judge_cont(int)" (?judge_cont@@YA_NH@Z) 中引用了该符号
C:\Users\DELL\Desktop\work\p2\Debug\p2.exe : fatal error LNK1120: 32 个无法解析的外部命令
